<?xml version="1.0" encoding="UTF-8"?>
<!-- Generated by org.testng.reporters.JUnitReportReporter -->
<testsuite hostname="BLT069" name="com.TestCases.SearchTestCase" tests="3" failures="0" timestamp="9 Mar 2020 10:40:56 GMT" time="18.826" errors="0">
  <testcase name="Add" time="5.148" classname="com.TestCases.SearchTestCase"/>
  <testcase name="SearchAn" time="5.168" classname="com.TestCases.SearchTestCase"/>
  <testcase name="Loginsau" time="8.510" classname="com.TestCases.SearchTestCase"/>
</testsuite> <!-- com.TestCases.SearchTestCase -->
